squeeze combine
abc a
a a
a b
abcdef zzzzzz
addddd bddddd
lrbbmqb rzowkkyhidd
arcbynecdyggxxpklor uewhsqmgbbuqc
rbljptnsnfwzqfjmaf omfgdwdwfcgpxiqvku
trwblnsadeuguumoqcdr betokyxhoachwdvmx
ejuukwcibx nmeyatdrmydiajxlogh
eimuotehzriic eqlwphapjnadqhdcnvwd
fjxjcvudjsuyibyebm fnxztqrsvbspkyhsenb
wovyddwyvvburc mgyjgfdxvtnunneslspl
iupfxlzbknhkwppanlt oyvegurfwcsfmoxe
tncklefszbexrampetv ygpnkazqfrpjvoaxdpc
xdzncqgjlapopkvxfgv drvmhlubbryktheye
hqanxdrmgze hnlmwp
ig kmvrzgf
wssznovdruypcnjulkfu efonexpmmsbaopmdgzq
xttqognrba snsmouwqhodsgcfohe
byjvpdjxyuzq thoofremgfkrbc
pdawlohssvtqtkfvsy dgcxbbiswmeaylzi
qiys sqfwqdjqnqcgdq
ieazvmwnuuf nxvloyvgmliuqandly
aikameybnuqbcqag rynqxqqmlfotpqhvok
cbmjawwmninepfdup ucltxmkpvgrrgtus
hvtjmexf tbplyzedicwsodpwtqrp
earhwgfnpaq lofrsot
xipqzeqvlqmuoubb brpmixfclbstno
wxxbjtnmkjgncpmva fsuevjaxrnivcorhf
yyepfaesjl rdyyddqnqdoayshwxshxzjywumbffamxdnxjqoyirmirerne
xuqmszcixmzkwsqoiwyfalpeuuugfrteomqinuqnir tndxqqsgkhvihbaawj
ttkqtmvanuuvjvahmvvuvsvhzkywhmgchqvdcqdpmzmxwne tzomeqlftxzlzkbcsqmnciazvrzyeupyvdkbtwhpvgcwteylw
iqnbvxputczznfdcmkkhshxdnzyhormwjcxfbo oyxkeglmaygfgihqznazgdmzqcpiuu
tokjcljsnaqzrzuacbpqnxjciekllnp udfspssxgwzzzlykevhxxgeqmahltovorbiivcfczgdat
vgpvjcvpupqfvnlbiods njhmhakogspypzrwxyuycpoxewzgiqtxzcjge
trgutpdzlajzovccwcqaycfjeibclzkgsqanifmtfxsusuyqz hthorpezfhjqkecapqsidubmecoqnsrulakerofyyr
brnhcajqhibugtjjqzrfgctploygteewvrgaupsbz yntmduprwuvuvnbdrvcepzjswmnckidivxubrjsp
cdlqnagqapkdophrispmkptlattjelegorxbufruwdy dbzvplkiykbuwgfcowtlzn
vpycssartgskkqomcjia zgnhfljxmsudswvlxogfgsqygebsmbpo
ssbhvljkjjpegotukhvs mpxhjvusqdpjcadaanpsnfzwchsgtqlhikorgijylbjpbmrd
nsdmpwnhnqrikbwzltmvyhnfbzopzlbmeebvcoc isgzrmiznqxpvqzunpjyavaewleuenzogfnztvyilyyjoxd
qgjhpgpgsfdolffrqmhbokklgk pwbqxvcyzhhuygjhhltgoteaznhvlkaaid
zwdlevfughpftgxzhpnuoxegagixsnbujff quvxxprgvksqnwktiwefmpqczsusnfufarfxgygbjatywgthca
onrpqveidwauczoycemwonnmkbjvkjoawgrmdvwirwctyquavi lxmyhpjfcstcqbufepbmjyreyhyaeizqfnqpczugtnjjr
jhjhxuhltwjinsvadxnfngnhytncaynlixtfrasnwbxlvt ubzqhmwkohckdqywpzvhrwpoaqekjudfycvfqsrebt
tycjknvdnxtqydzddiqyhharkejbztwu oilduvkblansfvqdubahcupshobccrqrzduvaewogm
khsnqwxrxrhlfucmyoivyiexyqhkxxfhgxuzvtqsmzfrtigty ntyzcgefyjqkjideblptusibjerhgxvtsvsvexac
renovzwkpcwsxtljaxzojhhthogonzp kzbmckqeskpjluhditltvzkdlaptdyynzbbdlthfdzopvvudpf
tkswdbexyblqsearxxxbiwqakvxoia fsxcfyzqreghuxqoadrmywpjscjfrhnyakdhiczbjfideau
iulyqqziheiztnagxszqaovtsydaennoibmyrniatq yemkmyzqvwszkxfxlckqrpvzyjxupkyoonaclbsgzmhjm
fbtiqikfolieipxpmazmrphxjyenvu fcjhzgnxoxauecmmeufpljfpacrazaneewndecbuzbrgffsj
zavkixzehdmgoddjrubuwuuycr ehbfgcasmatshygpnkuybqbwmvskxjmcspjztmtfmnxvlema
zjewikrqeoyulpbiehhadrwaapnvrygqhmnrxghbui iiminprlhtgicyuyeqlljslmpfyokwduepetexfnsnwvns
ylkkbvjlhjzljbjbgzjjfrlaopqctdstpedq nmjmmjqyydsykihddxginnnbtkuvaewqshceqscryx
wniermwlrpjqgtxhjkg kwnqpneyswxlwczswbbcfrwmvbykvgnfcavtnatgyqtuusnsvovahtpfunppvduxdssrslzsdumambukqp
bxuwottcuyjsolwkzhdmruqozbam pjuoescxoftmqlaejlfroriljykmawhrgdhmvmljrhvjsynclvvbmfmyfwkfttybwfpsradkhbwczlg
vckrvtmihlhnbbgycnxthqtskcjgakbypnr hduqqcdsfksjzscjivbtzmbzxezosrabwurnywhdizmktqtcnuxmjyoidpwxgwyfsrsrpzuyajkubdypzxdivrq
kcs lngpkvqcsunyeiaxkijnwnvzsfzyewhpkpewmwbeqocwwetgmcwkrrjkwikahtrtivpurqbjgffdkalwcjjuasgydq
efdmfjyfukhcwxctqdziliexlbtjzsmfxprfzqmvctxbqcuifurqcvqqyjzxbnfbcwidouzr wsgyopgiiyndoddxeabrhevgmzuiynywhfxywdggbvlsaopgqsz
yvikyfnjalnubqaaxfyglwgxuhxz wvxvlnshcmpqefdjdmhyqeaaeyczvnstksovfhehvuzzzclfqsdjwdjbelczawtmojhtslcnfdpffakysphqssrwfvyhsttgca
wwsueopsgokfmivjbeppgreozwuudkbziuwn rkwxdfocgdqkpmsrilkmsezosykzvjdmublzgabofrzugrlqeycwcdlwcvvxgalcczbkbfzgyaagrowwoauqefnickhjnunpt
wykhvkbpjjxrrrgejkrapjvldmgofucbtokobnfmwddnuluewlgl byzneoubsxughkjwpvtsyinkctiobvmcumracmbujxcthmrxjkrivguxbenczaevoywqkzmvxqqee
neomhdivvgqrtmkgsoyyehnbrhfunvfcbvriyb ujvlcixlcmjaqqpujyzdowlqzghjfkpbtmoyuljwzszskoounnzbmmtltdvanmbhyrfteore
ljljijwdqpsnedjrchdndmudtpqtaqlmczxkitpakjoonzfpjke wyqpqilsywecxbohwdignywczetioyvlyncqvnjvmpajtotpubyjbulaygl
gpumkulbrkhtgoavzwvqsdmfyncaoinuyiikctlwgupmlq ocpvodzsjgiwnomuilryhwxqgtnntekhgzeuef
tyvnqitzvgcyqezmnpydkrsniczxiyidzdspolqjttk nwobjhmdaypbkpqlnjyftafkagkdoocdktgtasyctnddcvosfozaogkrmvuclyfvrlqtgpvzebchwsbbgacw
bakfzojsoyajvmfsba xmqgunvzkxemxtdsdhiykarojqizcwpzkfieudfgclvcfawkheltfchqssrwqgwang
qewnhheomnaxqhgeufccyncofkumgmxxsumzdqqpfsowzxaveezctbsymomubmttifvnxlfddtbesdczjbdcfwarkonnah ioeymrdrwyscrxesggvilrke
sxvovnphshvwhlx dvtnfnmssnrhjhrwropysjuultpncqohojutwimovfxfnodgcuhxedtrwigbyuimfficnwqjdoqsevbjrigvlzohhvkhrtwxagb
kedzfziaeidaglhiexdrhiqpjzjckidumjvuieuoozpunwervijcsbtbdddpnjjcugwcksrzug heayzkjdcnxdscjhpustoypslilmethlxhlwrxctmzzedknughow
pgcsnsywfenmnbocubgryruhvzviapbqxfkkxihdpwrexhgtjokj gqdfolifoycuknruwwjsporxwkinwrvck
nyaihpeuyndqmxecjplthpzatsbmwlhlljvvybpxoupcrvhdluwujvwepxqnkaawlvrk gjmaypuuyxhstdbrzfiyxyizyelwvxudghgeyaawzjqsmtlnawl
iecswcleesnjqloooemwknhflmjndkkoroipqttulgeduutiyfgkunpgzzvflhtevdumwpgjwmosgicgpjqkwg ulnblalymjthtydmarxrnv
mxxgoplmufnyhupuuo umlqtapawgurwowuykskkebqqhlzlmwhyjyrkntgvqzrewlcieovkplawybjkxriipbsevbzncsrydvjjjevyrvuqwec
jdvokrzqkoribzoffxjvnjlenumwihkskhgxzinlyhtaijfpgrntayapvmldvyxgfgfgqssobnqkxyb ywogdyuvfpjehvmobtcmgshjmrkghmahkopopllwbucksoavkdisvpbjhmpqypaig
zuxijdzfqscekwevtphyheuxcnlgmcgmwfwhjvnzorfapjwjzfhildfprtvfxdttjqbunovdhaexlcgkjpvw cllvitsomoxeptufozm
ifvvfygjxtobcambdtsffajxxjjycqtmvqhcopnlkcomccqfwindiybijkindbbytkd zqujukywpoenwtqhtrreezshdthwemgfdapxnpwcdcpbxfkszbwfdqmikveqikvnnm
yfvucjnfs eaehqwaxravdywroxuwsjbkhaydzxfjdhqnxonwfptkppbdmybhhfrofsuerbquiijhwxdbowlenojzmliwqakvsgbjhtfr
azigojyaqlshjwrrrubiqxcslpwfbklck kafibxvtefrvyiqcribtamizskjdovzyweizdeuillfluxnngpgidrhvdtbroc
ahirbzhdngxoirncubviitlpkklrhjehsoztniyc vqwmdbjgyrqrfgeprxxcbeupdpemngciybxdcgjcxbwcjcsbzrfavcrbt
uh vtcgocxmnyfoskpcanwervzyrbgxiwwfqbledksslyjdkyhmld
noboeddqrhhfgfinxisnftofooskpuiejjspoxhgfonluva fsglnxsdlknchyhqjzhyxogeetrapttunchdzzgmmwptuwldxudwkjaodtpumkqa
xzclaxydadvjvrbydgghdzhvkwiyrlbomfcmccschnndgrdjxmqblayxwivqtwgidkwgmoiudwxlncvmonpzpnyowuerskb vyehomdskcfzfcmtqdvhrtvppzi
kiyvaxwkk rsnelrvqubnqqjiludqulacjxfgvpszikomwhjockdudmcojhgdtihefmlcdfdlsraqzjedwhzzvbne
kqoulcucsbcdczofepdflaxuasevcwxoomjbofeihiljjcqprwvewuaymgtqcrfsdqutvab ionuqgjkcgqacraoxuhclmuqeqjzqmebctvtzgfdnxfpoggoanqnbmdfdogvckweerzfaejncqeswmgybylcnqjsgqn
midndciagajjelrpuvscmrdnytzvuqgjylwepfewhnflaycwwxyiqcy iyyfiszkdkikbuwoahqicbungfgxarrlprqxlsj
atohqdeoevnbnbogmru kxtlpqupfpmofuslfxytkfsyxegatkdfjwrzmnqucekibcvg
gqsbasljkwkvywjpzisjlanhkgbyksgqkbrkv wiagdzcpqdxknilarvjtwvnclxfekbjgjjookrdcubnjlymdtvypqnudkbjwescnereqkht
gadujnhgzrjervfjmbqtfkqpnomqtlabmfvxvedwwmapigawjqppdieqyqirbiupqpnlvs tfikpqklzbdognuwlkeeopyffpusknbeulqlbbydebrkqoibamfobdwiuscfhelbpbmtenwi
mkpnwxkcoxpuoxjgvjforrmtcshuxswlcnybl xpyfdtpdafdmszyxdoxwqezvegjtxzuwosbrnqunyacqzapconafrzcyfnremoacgcuwuqjsqniroyve
fnjvbsoueogcamqytyinhmutqxkjbfpisaettuqziybjktjdtrq fnuwmgfnnwvfybbrytsgrvrcpdhiualcnfyznfmbdjibllvjenryllcaojkklvoycmxqt
ftdpjbyfordwn pqghkieersywmpwicradmxsloaqqicaxujegtlnldljscicfzeknefysfpintlmnutwngjalwkdyshftmqhsvhkcyvsrgehcz
gebcyoumwkvfqjopywwsmikqjnyad hmskosykgxudcmnsdlobfajpssetthhcvcmjwktdhpglbvdegtfnwqeojihesrgntsxpesuoidzlyfs
nkwvoskxuxwqzrmlxsoazoswnuvthkkuwgrnybkuajmaaalzsbassuohqmaxwkutslgsps pdcpedcdxgfpazghrukpswjlrwtjloadrcuxhxdffkwfmemdaystvdgmaaxnqxshcnhlkkspurugvikwher
qyqjrnegiuujnmbypffpecswsroqxklpkezbrdhzzelpqmnfutwavoyningfztujxtlozuqaybpopdwlyuovlmktbqaamukj xarrsrqtjgkoeymbmhoytjakjcwfmhxjjodbivwtdhhihvlteztxivhtyfykpywyozcyuyrzhyjotuhxvdv
hdqkymozmfbdjrtkdaukbthdpqxiocmvicfgqufeb fhkjhxorjvvfsvlewgxnxnttexfjdpckyotgnjzyfvexspbpxbexoxqsvvdanglnwgtkqtkvqouigyzfzgcnfvic
macv zhhwnnsmcmrhhrddjajuzrnpvobvswqudxqsmlgrxxygpekaetwenltkcwhusxoxxhrjuxctubzlhlmlfiruukeyglsakjxh
gxnwkfkndflrmjqslelbmletidjcpraxqpvavgpaldrxokrb ddeqhybmjddafbqvwtsckupnmpeygfolivcrtffekjhqkxnishlfbcuprynaeelozpiswny
