Octagon 2: Return of The Octagon!
X-Ray 2: Return of The X-Ray!
Knights 2: Return of The Knights!
Haven 2: Return of The Haven!
Knights 2: Return of The Knights!
UCF-Knights 2: Return of The UCF-Knights!
PTL 2: Return of The PTL!
Haven 2: Return of The Haven!
Limelight 2: Return of The Limelight!
Fear 2: Return of The Fear!
Sharknado 2: Return of The Sharknado!
Mermaids 2: Return of The Mermaids!
Wings 2: Return of The Wings!
Aliens 2: Return of The Aliens!
Star,Wars 2: Return of The Star,Wars!
Star-Trek 2: Return of The Star-Trek!
TotallyAMovie 2: Return of The TotallyAMovie!
eivom 2: Return of The eivom!
wolf 2: Return of The wolf!
this 2: Return of The this!
is 2: Return of The is!
not 2: Return of The not!
a 2: Return of The a!
drill 2: Return of The drill!
Seven 2: Return of The Seven!
Hook 2: Return of The Hook!
Identity 2: Return of The Identity!
GoodMorning 2: Return of The GoodMorning!
Groundhog 2: Return of The Groundhog!
TerrifyingTypo 2: Return of The TerrifyingTypo!
UCFNightshade 2: Return of The UCFNightshade!
UCFIris 2: Return of The UCFIris!
UCFSunflower 2: Return of The UCFSunflower!
UCFGhostOrchid 2: Return of The UCFGhostOrchid!
UCFButtercup 2: Return of The UCFButtercup!
UCFLotus 2: Return of The UCFLotus!
UCFSakura 2: Return of The UCFSakura!
ArtifactsAstronomyDogHardMonkeyNamingOddsOvooParadePicassoQueenSleep 2: Return of The ArtifactsAstronomyDogHardMonkeyNamingOddsOvooParadePicassoQueenSleep!
Congrats-You-Have-Made-It-To-The-End-Of-The-Tests 2: Return of The Congrats-You-Have-Made-It-To-The-End-Of-The-Tests!
Fin 2: Return of The Fin!
