1.7724538509
8.8622692545
21.2694462109
512919.7851904418
1649954.2479078831
1227917.0339226216
1128904.2169033376
1325430.3549840394
422439.5610094171
1569307.5976916821
1347938.7464366886
915738.2820703348
1136890.8939555179
358679.0786307929
868552.0156515282
653487.7827442056
921782.3497019226
1591245.2590043397
910911.8902343191
320000.5906963328
679606.6626911493
158055.0272467976
807772.8006501271
9238.0294709195
1055264.0767597662
1245269.3571229866
1695228.0366215627
825578.8720363240
38162.7038638467
1281241.3080271140
1178901.5951296804
308527.4969194214
1246276.1109103009
910917.2075958718
1736655.6004787773
1123776.5079126680
1281588.7089818915
235860.4339399970
1591961.3303601055
1704026.4975374576
32714.1807261631
310200.6933546762
847309.1562484256
312359.5421450791
668877.9995316182
858615.6393633519
965845.5524354338
733414.8166969389
1592617.1382849405
1019513.6825870019
1053413.6349394208
1414978.2684394879
1177566.9373799486
1003942.6755067969
1424214.5254565565
1375587.2540569637
476756.4092704166
1346988.7111726032
428710.5027339208
1430127.4315031774
1770984.4866631153
1607610.3254097503
881409.3958859968
1244804.9742140493
746071.9096462552
845611.1454592581
596125.8587673504
1170416.8585453957
224226.0468626532
1330841.6565908540
1101987.7327234865
1172148.5459577304
1641040.5774916792
1092053.1288891610
627264.3280200585
1452673.0444866955
178213.1448931460
1593108.1080016414
413634.0102781185
913584.7506414846
1755376.2580520413
609802.1126809373
556109.1681754565
303245.5844437229
756499.2556511324
207868.0702726462
1678831.0660468357
1233253.8924676981
697611.2489086475
1250296.0362441546
890927.4730653594
696140.1122123959
1085450.7382945380
1772335.0964975053
168491.2355209293
974277.1154041913
1760700.7094201615
1679825.4126571937
372238.3505902201
1127682.9962000637
1238213.2183425317
616982.3232309556
527375.9187984272
249554.4123920930
851789.9195835147
1154638.4743646348
1702227.4568787885
172757.5319400588
118048.9713780092
1258615.9346203051
1086342.2825815435
1016179.6968934486
1011172.5147646405
1642449.6783031491
462179.7488005696
1767671.7704157729
993072.2160391934
1283765.2823108035
371226.2794413531
1690683.4649478409
761605.6951955912
404908.2199701106
614367.9538008700
989810.9009535273
1319999.5563848649
1698067.5076907133
191634.1654522026
1308244.6424456595
1605439.0694423910
1479080.8344113368
1578682.1061091214
213952.9043428048
1238817.6251056905
1248814.2648247976
1378715.6351038120
318151.9213298383
1546207.2066528305
451243.7085404826
490909.4532698971
807010.6454942378
1709857.8707069368
720006.2033148387
50736.4914821704
91332.7744833103
590000.2582586209
1428124.5586516541
86548.9215397163
725826.9417612124
939435.9900569416
457773.4285272185
644054.7833496864
1701039.9127986818
862681.6484973291
401178.9770678054
918396.9628466931
1325435.6723455921
1242000.9522219168
252785.5957622938
3980.9313491338
217740.6382221899
874620.8976370287
1582663.0374582552
431691.7701111439
340984.6718372032
1059021.6789236858
953163.6451322048
1574344.9115359556
832773.2622171494
1404405.5812188365
292798.7414464858
782540.1476286362
1341809.6010202573
155559.4122247226
833274.8666569557
575896.8429669657
1660767.9888522576
488943.8019492429
662443.9920528312
614141.0797079540
571134.2594695826
262971.8880434478
1258194.0906037896
499720.3213627485
268408.0040041750
802127.5351349931
560871.7516728397
1593841.9038959162
271674.6364513939
1728865.6658040475
1597822.8352450500
489413.5022197329
831030.9400817093
1408030.2493439383
63861.5122481257
1172013.8394650616
1609806.3957310222
1017023.3849264796
116661.1400127502
1585334.1254115698
648973.3427859492
409458.1090053851
595418.6496808391
1133537.4112696046
565017.5212301077
571447.9838011929
1709432.4817827195
453329.8867229984
203148.0256676848
1514630.9412989487
210225.4338943505
774280.5126834165
5148.9784368805
611175.7644153891
416755.3015095631
1188765.3008099696
1413301.5270965313
120381.5206458008
1010153.3538003699
827730.6310113233
76791.5630904815
1750730.6565088180
459900.3731483051
907822.5031721908
529061.5224106384
523760.1129425800
1222590.8101006505
366412.2947822937
683537.9653324577
1339250.1776595497
1094500.8876572616
475265.7755818051
891464.5265821838
832675.7772553496
1608803.1868514097
599236.5152756896
546878.2285199406
688536.2851920113
195320.8694620861
1665234.5725565395
1345923.4664082090
405546.3033564366
667061.2343344400
493826.9123084876
1016720.2953179748
226571.0033074012
1682590.4406646063
1572776.2898779042
346952.5239532020
63044.4110228583
628053.0699837114
1338952.4054125976
41319.4441723094
1087951.6706781657
474319.2852254215
570379.1941290969
754466.2510841437
839666.3352433210
79545.9563747887
1438002.4439627506
406460.8895435038
316803.0839492992
140812.5961851887
440679.8835890857
1149477.0887507979
892370.2504999965
1039914.6264109244
839109.7847341367
723662.7756092568
377991.7357902594
731890.5063851602
297130.6186580989
783536.2666928451
541706.2081829983
1706165.8493355006
943011.0294742180
768275.4390365486
1616300.6666407400
743331.6959927553
257982.4304531488
1679345.0776635983
514139.2334398648
1596934.8358657464
863418.9892993058
1602089.1316641796
1214008.5885545660
1433798.1834284027
1499309.8502117215
281219.3004385201
656098.6072665894
1164856.6708151051
687680.1899820239
972899.9187620377
448425.5069175428
271114.5410345077
1265131.4749762338
483550.2248809374
1311029.1674454321
331787.4088048544
1207211.2280363433
1689019.1307818406
206432.3826534127
647096.3141578403
1615309.8649380839
748136.8183825602
580806.5401339740
785865.2710529350
1516410.4849652579
1339863.4466919630
671951.4345090884
917149.1553356556
389509.1409134435
1186090.6679489532
741628.3678420351
1252926.3577588984
158480.4161710149
183181.3330372342
57025.1577451832
800546.5062999854
464400.6334757542
713123.7650117726
1108157.6445784886
294835.2909211762
828778.1512372084
1556581.3790421805
565948.0595018331
1236665.8661306912
1182887.8438403669
1019731.6944106633
711207.7423989437
1532853.5393401083
79051.4417503860
917638.3525985056
407496.0025924327
1694359.5342346190
1665773.3985272148
131057.0101898048
1622979.2727509520
552484.5000503548
613674.9243451659
1437686.9471772894
1469631.8829321595
1003182.2928047585
1766532.0825896407
1354014.7182375927
1398864.8904809059
1067766.9662240537
1537196.0512748269
1455888.2757722381
95857.8491646721
1144351.1522139792
1311766.5082474088
1204015.4937431607
1439184.6706813045
368090.8085791012
130897.4893432233
1147887.1976465357
1604754.9022559415
1313783.5607297393
1310375.1319744480
543507.0212955183
1074183.2491643316
1389424.8012709831
603899.8413574220
624433.7192201624
454086.7245173350
497217.6165252699
1670699.0477788812
1219820.4647316852
192456.5840390227
511920.1212185311
885051.7885496076
1662088.4669711822
657856.8814866877
879128.2477798814
386403.8017666570
284266.1486082267
1089651.4539211841
151144.2296821170
1740154.4243804648
1185507.5306320053
438249.8493594943
1279465.3092685067
617067.4010157991
1020188.9875041969
790310.5853110060
747964.8903590223
395622.3342452166
1537819.9550303456
1204502.9185521597
1705995.6937658137
1224081.4437892620
1421440.6351798894
465721.1115946789
55525.6617873171
273418.7310406849
919806.0636581630
1467951.5966815011
1086874.0187368151
1282382.7683070972
1660408.1807205238
1598792.3675014953
394978.9334973379
692797.2642495881
1399403.7164515811
416863.4211944683
1079199.2935623942
1683669.8650598078
1506513.1026618015
373099.7631617602
794124.9059981547
919565.0099344398
811347.8400674036
1216344.6827300594
679388.6508674879
59082.9766660845
234201.4171355495
570108.0086899083
1369913.6292802152
1772019.5997120441
917365.3947054661
446209.9396039109
1223647.1925957902
566352.1789798395
911929.2787447389
421927.3218465054
839769.1375666735
974491.5823201509
117425.0676224904
154187.5329441217
484418.7272678811
5377.6249836473
895734.3679090152
22152.1282286171
1613383.2076021496
522684.2334550803
439013.7769692345
920126.8778051769
1349108.5659782862
1088281.3470944341
435981.1084303352
370777.8486170740
1150602.5969461230
1247328.9484977388
1587120.7588932825
57535.6244542440
449166.3926272213
964076.6434922301
1542851.9515130664
46624.3985480696
106398.6322160072
687761.7228591656
492832.5656981296
472800.2922751955
1254112.1293851542
547516.3119062666
894725.8416678499
1236637.5068690767
1522006.1217725666
1012149.1368364895
533579.5072765965
233969.2256810808
160281.2292835349
1429313.8751856117
256121.3539096980
1208.8135263176
1094752.5761040901
1610343.4492478466
64091.9312487435
1586615.6095457745
926170.9454367647
500071.2672252278
184937.8348034815
304317.9190235208
890154.6831863646
914813.0611601622
1277061.8618466788
1339319.3033597350
106435.8537468762
1047458.1900003783
528698.1693712027
1128042.8043317975
877974.3803229419
1021528.9626154815
1600841.3241531421
359632.6588025801
1569045.2745217481
723111.5424616252
739024.6331350549
461352.0128521968
878016.9192153636
1272602.3679578005
695321.2385332776
1038296.3760450476
72216.8597012943
94197.0599063736
182261.4294886142
1166967.6633515336
1704538.7367003693
1161561.6791062718
981127.6495379411
1010.2986950161
804387.4137948976
308819.9518048208
305326.4452646860
1694542.0969812622
1223633.0129649829
725142.7745747629
404162.0168988794
472823.3341752573
145.3412157743
932860.1862700821
1600864.3660532039
878119.7215387162
1097143.6163489617
1429250.0668469791
380506.8478046944
893733.2675113429
1295116.0767720024
1119529.7084858983
1355085.2803635396
400677.3726279991
619676.4530843320
1193160.9863602153
581729.9885902958
691893.3127856263
1287356.2738127380
1679199.7364478241
1001615.4436005580
362195.6270709895
1068305.7921947289
1125499.3330557481
363205.9257660056
100237.5826302596
577073.7523239670
1583740.6893996057
937534.1470749200
943461.2327523480
536429.6130688526
1341696.1639737993
1416282.7944737544
1451783.2726535409
1417310.8177072796
387447.7770848404
1472657.4616556552
741998.8106968743
959452.3113952176
995918.7769237477
778488.3181254662
1397324.6280844690
342992.8620502791
1276328.0659524039
25546.3773531012
105425.5550518601
1612243.5197760173
1522484.6843123111
1712527.1862064005
269900.4101466374
1429228.7974007683
84443.2463648406
632094.2647637760
1640289.0570588953
352697.0468839868
138054.6579931797
883282.8796064039
929770.7992079538
864551.5873100344
48361.4033219570
100776.4086009349
1400979.4279250361
532812.0347591544
659815.4429919383
223063.3171364592
177667.2291070671
190017.6875401767
838477.0187093634
62422.2797211905
1149469.9989353943
61940.1722737442
1756118.9162155708
774339.0036604964
404933.0343240233
1259991.3588086078
1715093.6993825117
1425566.9077447975
1099779.2552252582
1465124.5327893068
1365638.4705918311
1369677.8929180447
264653.9467479571
592836.1844200697
1144526.6251452188
1047699.2437241014
945533.2313040566
1282581.2831383986
158526.4999711384
102848.4071526435
374677.2470890661
1122096.2216620095
1118833.1341224925
918411.1424775004
1654908.2564211640
6192.9537550639
284228.9270773576
975329.9529916292
196210.6412952406
1122704.1733328701
180506.7001762177
488435.1076940330
1184644.3456066143
164169.9930324216
405528.5788179275
732331.8473940357
566915.8193044275
348166.6548410723
385443.1317794662
809449.5419930838
956045.6550937772
893836.0698346954
1321881.9023745266
363455.8417589833
629426.7217181632
693954.6766142294
1411153.3130292338
1574958.1805683689
1119290.4272160261
712434.2804637703
820561.0551844104
636722.1417684903
62074.8787664130
1082150.4292241519
697887.7517093888
859737.6026509751
1088341.6105253649
982114.9063328955
62613.7047370883
427306.7192840036
332365.2287602496
1158328.7232822201
58496.2944414347
659764.0418302620
1322498.7163146417
464023.1008055114
1392094.1167704468
1032169.0030824673
1727399.8464693487
920291.7160133111
69164.6941700350
910989.8782037590
956882.2533114046
1391044.8240907107
417200.1874261404
1586307.2025757169
1227753.9681683383
55897.8770960073
531567.7721558188
574588.7720249975
768330.3851059267
494883.2948036273
354065.3812568859
1745615.3546951047
1577031.9515739283
1051951.3605124237
832897.3339867128
35675.9511110262
1176822.5067625682
895509.2662699502
1378190.9887639439
651942.2029862160
1196594.2294694193
1436687.2832053787
1311704.4723626271
746637.3224246941
1043464.8514742881
74099.2056909560
921560.7929705595
998409.0745842699
137145.3891676652
990723.7146867436
1052155.1927052779
236782.1099424679
609314.6878719383
1469353.6076775673
965843.7799815829
979823.1235036747
668007.7246908236
1497409.7796835507
1554411.8955286721
579092.5772601484
219839.2235816621
1051231.7442489561
552252.3085958861
939625.6426189885
330729.2538558639
1385149.6425825990
975299.8212761638
1507549.9881645812
1423413.3763159473
581036.9591345917
1302246.6586141953
847551.9824259996
245268.6189806035
841495.5076174555
736943.7723140918
1288731.6980010407
58349.1807718096
1658504.5652846513
1429897.0125025596
195492.7974856239
19528.8965292770
709596.5818484706
1347483.2257970059
1544051.9027701294
1321704.6569894360
540871.3824192218
751421.1753682881
217256.7583208927
1181037.4020200216
533377.4475375933
796349.3355810411
543631.0930650817
1584607.4193326985
491356.1116403253
1483254.9632302193
1058091.1406519604
1019260.2216863224
686100.9336008671
1708395.5962799397
670219.7470967537
1267136.1202816079
1238186.6315347681
660526.1969861514
655159.2067256095
1222436.6066156217
540226.2092174922
1086645.3721900483
1280784.0149335804
1341485.2419655416
744086.7613332410
619031.2798826024
1361012.3660409677
596437.8106451098
194058.8823202413
1132610.4179055811
145688.6167290298
734930.2647394632
111575.9699145022
1278153.6934188366
143512.0434001178
1560161.7358210096
1217257.4964632758
687141.3640113486
515069.7717115902
1708613.6081036011
1313150.7947049660
1573160.9123635507
955418.2064305566
226796.1049464662
651857.1252013725
768392.4209907084
636686.6926914722
117589.9058306246
571674.8578941088
434600.3668804798
482780.9799096444
1111899.2946577501
1521245.7390705281
1763564.9948432248
680928.9132639248
1408086.9678671673
610140.6513664603
269485.6559455256
1147281.0184295260
1719409.6245094666
544850.5413145047
435724.1026219539
1597094.3567123279
656424.7387751560
1713876.0235869396
1740604.6276585948
444130.8512367988
1158679.6691446994
1570500.4591333415
101956.8628656380
237593.8938061826
1111195.6304789406
1675116.0027753378
335766.5677001373
480747.9753426558
1469727.5954401084
1104158.9886908457
1117432.8955802771
730071.9687341311
1675832.0741311036
1552033.2624607569
1212852.9486437756
158031.9853467358
443579.6180891671
1203962.3201276335
1754169.2169795747
994421.0534197325
956857.4389574919
251199.2495657333
369246.4484898916
46567.6800248406
796049.7908802381
804968.7786579946
1643660.2642833176
595228.9971187922
1661601.0421621832
1611809.2685825455
182116.0882728400
1047825.0879475157
552610.3442737691
284071.1786846270
1285417.2092998474
1663805.9747527097
1101941.6489233629
1621182.0045461338
372098.3267359986
799213.6210041044
95641.6097948616
632285.6897796738
1529285.5897382355
914228.1513893633
1327073.4197038288
969682.9150226442
215014.6041994972
913407.5052563941
1316399.7026136758
196728.1978197050
135374.7077706106
1416011.6090345658
447927.4473854384
1419829.4746294163
1462579.2890594064
386731.7057290745
1367554.4932046599
1333783.9299833571
981958.9303940158
1256699.9120074762
315895.5875776356
306829.4861302539
1447279.4674183900
868504.1593975537
590898.8923610300
102997.2932761195
1675064.6016136615
1692838.7688305420
866933.7652856515
1189917.3958130582
719598.5389291304
105331.6149977621
49749.2346872160
1391638.5961307641
1019557.9939332745
1376820.8819371940
588865.8877940414
1234572.5981327718
517774.5362880720
1048020.0578711153
574055.2634158749
1568357.5624275967
691576.0435463142
1021980.9383474624
358487.6536148951
381699.7092463538
551467.1115399350
1726040.3743657042
1715483.6392297109
676182.2818511998
353040.9029310625
258923.6034479796
983009.9955276028
27864.7469900856
270182.2303089314
1573908.8878886328
1046070.3586351192
172792.9810170769
637048.2732770569
140550.2730152547
1362708.6043762842
1356645.0397523365
245880.1155591659
1412456.0666096494
975828.0125237336
408192.5769558385
159579.3375585763
707448.3677811731
785519.6425520084
1592562.1922155625
1755466.6531984375
1359574.9059678833
531220.3712010413
674588.8458392358
1524310.3117787438
889706.2523620855
199043.0225489876
1218533.6632359278
843292.7758222737
142071.0384193316
122260.3217277607
339088.1462167343
1316202.9602362253
248024.7847187616
1282162.9840295849
1586385.1905451567
964688.1400707925
555777.7193053372
901932.6390256318
1601736.4133478494
1611536.3106895060
492185.6200425491
1185925.8297408190
1000170.8937120700
1047397.9265694475
1304510.0821818016
1408363.4706679085
349731.7315914219
1154712.9174263728
1336637.5806833150
169838.3004476174
1137725.7197192944
66513.1032090804
701056.8991948078
955069.0330219282
1590823.4149878241
1590761.3791030425
1154110.2831170650
179657.6947816340
1576808.6223887142
438937.5614536456
301916.2440555438
143442.9176999325
897894.9891532690
1465149.3471432194
1425604.1292756665
1627034.6471618238
657383.6363084959
1124136.3160444018
756511.6628280887
486664.4262969784
963218.7758283918
391453.5227878868
815344.7235011955
190934.0461810949
1438849.6769034834
1262609.2731463952
742051.9843124015
16125.7851355384
644868.3396672521
1221445.8049129655
1101172.4039520699
925348.5268499445
1287957.1356681950
944983.7706102759
107961.9365125059
249081.1672139013
763289.5263539514
404826.6870929689
428737.0895416844
1482854.3886599146
1758972.5669155286
1645861.6519661422
769051.7738232452
884413.7051632817
1338557.1482038457
1337410.3705623098
738992.7289657386
223485.1611529747
689091.0632473447
638260.6317110763
710147.8149961022
795064.3065391346
1029712.3820451122
668247.0059606958
128754.5926374785
696106.4355892287
158402.4282015751
870804.8044960291
1627440.5390936812
803268.9954149762
1235005.0768723927
98913.5596036332
1728615.7498110699
750508.3616350717
1043895.5577600582
979332.1537869738
142343.9963123711
34729.4607546427
526913.3083433409
571081.0858540554
660338.3168779554
513432.0243533535
444487.1144608308
1429388.3182473498
540600.1969800333
925798.7301280745
994343.0654502927
422347.3934091700
1149282.1188271983
826190.3686148864
1060606.2526663954
1002184.4012866987
