circle 24/24
triangle 22/16
star 36/23
umbrella 34/20

literaldot 4/1

literaldot 4/1
perchanceurmom 4/1

epicline 6/2
lessepicline 6/2
literaldot 4/1

ballin 16/8
equals 40/19
mario 32/13

lrbbmqbhcdarzowkkyhiddqscdxrjmowfrxsjybldbbrothery 144/1175
dyggxxpklorellnmpapqfwkhopkmcoqhnwnkubrotherbbuqcl 1960/1404
vswmdkqtbxixmvtrrbbrotherfwzqfjmafadrrwsofsbcnuvqh 8/3

rllmxfqyzdcboajtkvtinynjonzmkhddbrotherwltyzvhvgcq 1188/4326
tbrothertrcvnhmbmidwowqyehpvawgtigkslpueiyzvfnyuyb 982/3396
qknqalzuttuhknurlbajeixwxzjbrotherapcbjwvffhubyfcy 924/3018
brothermfxpbzutkxlxrchwgbnzpmjtbngfeilqplhqkcjwzvt 870/2830
xrjpkjmrovkjouaqbrotherutxexhpsehdvrmhlbfvmtsomfsp 1510/4877
coiyclzcmpwludtzoyaawjeidqvhaicfwkdyyeckbrotherurp 776/2483
llqexjxbrotherlxltojgrlvpxbtzmskxiqwrnebcndbiobthp 958/3063
ikmmmereyeubrothertrsrenpanxvutdghrtnjxoptrdderamk 776/2377
jbrotheraayecwkdfkyhhmvsgzzxkjqtrwkwkpkmrirtgdymnz 260/656
tmztbytedocsargtdlcrsstsyqeiqkkmzjfbrothererdklgxp 426/982
emzrhuwoffvkutyexzjollwtbrotherwnfnvbjljrgtlztrzsa 316/708
vdfqiomhsywwblbrotherfxliimdxojvrqlbezjwxhvatfczyk 192/365
tjvafqnidouijcectrzwbilyunkqjdmfojfvbrothersdtwylv 1938/3667
pvszhfnadlcfuadxmycvumqmrphqbgbrotherfqgtulnvrmhpo 3534/6342
zipzhovfvvqrzoxgwkbrotherjzxkkamuslegilcebvfsulqew 3612/6478
czmmkfpttohmewplsmxsslljbsxlbbodaasmhhfdybrothersm 3240/5685
jsnsbyktlkkgeflkectkpjuqfgdgjbduvqmxqbrothermvaqxt 2214/3804
gbrotherenfgnhwwepbeuzuzbcbrpmmwwtnzsuwzhefvlbtrsw 1080/1753
deqbkbrotheryxtwzhpmxjvncgregqvjumkgccdcsmcslxqneg 608/979
kdawpmtqiaglujrabxibyxwpbrotherpmzlboguwiahfmafpyo 856/1371
dbrothervnbdrvcepzjswmnckidivxubrjspdplacmetkizbjk 442/707
cescffndavygcbdnbrotherxqhghaogcubhziudjrdpuhsjcmr 904/1401
tziojygsizbmzmlgjjpkjafndpfbmixijhwvhbrotherfomoye 774/1004
kpxwmfdhzrcmbrothereitnenurhngkzvhvjoasorwclmygywu 2960/3759
lakgeqwmvaodltfchotesejtvbrotherlztpqsensssfnyhvoa 3138/3870
xvnklqecsnbvzmsbrotherskntncpkfngszrifuctvyujqvnmp 984/1201
omhqiigxvqjoydcqudbrotherbrqtdgkrpazxgzuyijwnnnjth 74/89
lnwtivqddaigcttxfwdqponvjaqbrotherxepphvqrbslwrqux 734/863
gebgjxmdlsqghcyvyfsplbrothergcqnirvtokwacpilrgiqoa 380/443
triholpleljssbvztucrhcebiljcdgrwzzfqbrotherdndciag 644/717
nbrothermswjngzfgpyivnferxoyfmwsquzkkebwyafngeunwt 3424/3434
dbrothercyotnfevzccrtmliuiuahlskbndhocjqczlqfpneus 410/411
ddxflsnrzbrothernzpkmvfzvdqrclwgpvncoatnhdsgkbfaau 3608/3602
xagjbutrpodwqejfgktfhkjhxorjvvfsvlewgxnxnbrotherpc 850/845
gvdosnscnotforntjlzcbrotheregugorkdkzvmolftzzjuiww 2304/2253
ufrbrotherrpzwqrqrmjwananbhyntbkausfesehpxyovqimiw 296/289
tydlsxbwlsikqjnhyoynrgxjzmurzpoubrotherebnotxdaxuy 998/965
kuroleomhbvpzbdjugqeqwuksifqgassbrotherxarmasrjoab 2502/2405
xbfkrppctmbrotherghotwmwfkzuhqfgtlqkciovwczhogakmk 74/71
amwilttfsbrothersqncegyjtlhxjmdjazrltmqnkehkjmmdez 1766/1681
oqsghskzorerelhbjbrotherahmlzlrpcmvlggmuxsledshmcu 422/398
axufkishxngeswkvkbvlbrotherhqrhsodzylrhieqpymbuwcr 1618/1523
aiarucwcgbriislyjetpgltgnwfvkcykmadhfbbrotherilfmh 1674/1516
hhxmrtbixkkbrothernbedpmcssfdullciztdddbnnztftemxs 1372/1240
zrsajaswbrotherzjnxxpheryoxagikizekkgeghwdaxsdwcsv 1508/1343
qbrotherqcbkouravvrkcmpfcdxbhrbxuddkpeifgjqxgjxdeo 62/54
nkuqkcegpfucpeevaffxcoghevdvwgplskbdoglfbrotherlug 948/801
ioepqmzzobqdkrseptdozfmrcahccgbrotherconderpwlvney 352/291
gotukpjnnfajvdpcqiavprjkpfbocanlqihazbrothertnxlxa 3306/2731
wzxvkwkbrothervffbuchxkahyeainpgpoczlmtomiclwxqdzm 3366/2765
gwnswtimdlbxcwgeaenwokndefetwpbrothergwxszuwxbcyhp 2982/2390
hgyjmevudluqlytbylivvauzbrotherdoaobgjvkurchrvipit 2672/2093
czlwzvoetakbrtedusnzrlzcszhhrthvusswnicibrotherekx 562/436
pzvoubkactydnhdaleonqbvctoaaoekdehtalbrotherivoucf 1428/1099
mbffmroqtktagrujkplgwkxjjvuoroieqplbrothercshwcump 130/98
ucjjwhqkklgibrotherltrtiuiyyfiszkdkikbuwoahqicbung 124/93
xdmoqfsydfbrotherhstmgdeyqckenldrxrjclhiqhmyrxnzhf 488/359
fuygedbpoxmcvvllcrtruswijvgnheinybrothertfcodpafgv 80/58
rebrothermeljdcsbaslpjojgcgcgcszicfegbjypnlzqotsom 86/62
tzsdtzbfvjmbbvyrtniybutslsexagzvfrzyscbrotherrdjfn 128/92
wpwcrqnffahbrotherhbtkwevcxmomnldkpvaeaffhtdfjytnf 32/23
fqibsbafklfxsglxbqxpjarwfbrotherntwfuwmekudcaoaefz 5152/3684
odbrotherrcbbfkaivjthaosfmjqkhfznlxlghvzazcceoenkp 992/706
tbrothermhxklxaevythocvsafoelyxguqcagmxvwxfjwgnrgi 1670/1161
utebearhcojmzxnfylaevwyrnnywtdkpwbrotherzvhbvugthg 262/179
ltdskjycngpknqthgdltjjrumkrbrotherukcumpbdbqvwxdck 1250/852
oxuzppswldbhxrbzsdkxgjtqybrotherqckftdbegflfynfqsp 50/34
asdkilgnunzaldcdzczrpixkrbrotherjzftmlhgaiilolqppq 414/275
beceejwbghveozlrpfabrotheryqdiqgoulsdjwjrrnhsbzhib 144/94
brothershpelgitbhkhhlzkbvttllofhvbkypeqwvwjcecfooo 20/13
oychlycvfwbcuofepuowfqmbrotherttdvapudkbzmgvclzsfp 88/56
beifgjnsbrotherflcjgkxlmnpbdgkqipypxhfqzvlofkemwiv 126/80
aeqhkltcibrotherwxsqimnewlcaccecgxkskfwuzdkwmnyjks 284/176
nxlybadjybeqctrhlgzyobyjsbrotherenzfndqmguelnwsyet 190/116
kinwrvckykalsfzshtewnysjkmbadywpgjlzgqjebrotherwmu 38/23
moygwtpsasdnhrnqvldbrothersfntizkiigbzberetbvitswy 170/101
wwgyezebatecsqzlbtbrotherbnmzwqvswwxwcayvgcnwbyzwi 32/19
unhsdfrsrofhjvmzxrlvpbrotherlvqgiaynfrfzingtiutfng 216/128
nudrrtrcrtzrbngatvbxezysdgihwjtjeycvbrotherrokrhfu 48/27
ebrotheraofqtsagzpphrtcgbgndrohxdzkygpzhfezbyzhzry 52/29
lyulkksyetvmgaxsqligkjruqgmjhguvfobrothermtcpswfef 54/30
tzcbvevvbrotherwjjnjcizrxjizapktopujtrgtaerlghhpqx 58/32
zzcgorxucsovasavbrotheryywfbeiyfhalxsluwdisdcsbtad 124/68
xjtlaqmifxirmbrieuczgkifvqlglebibrotheruhlnumectae 86/47
xwuinxzaxobrotherfnidyvhzybjctkzsfifejhbyqubxkyyrn 24/12
zzdcyuismrtkobrotherzftppsmmvxpvyszwmhobajlozkmini 14/7
mumcmqkqdagpyazyhkjszfjbrotherzhbomogygjamyzmazwml 20/9
hsjntsgzgwjytnuocpqhrisavibrotheruvsobruxdssqphsex 14/6
awbcwglqmsvbiglqxgwskloftzpltvpttbrotherdemnmzekic 10/4
jzzigbrotherlvqukqpljscsarnhdztnyuxgbrvfodzcarwkhl 10/4
nfgqeizkfosinfqtbrotherkgbvsmjbbrjsvutgbjajyfbuuyv 8/3
pvduvtquyzlotlbmabojbrotherbdapuwsornholizbbkcpmdf 8/3
zduhhwfotrzepdkocszqefxuolmuhonirhpaguobobrotherlq 8/3
zelgwpeeasfmoqbinbpkmkuefxoyybgahubrotherqzwhdgwev 8/3
mgcyglywbrotherfjclorphvbneqvqihwmhdxfzymdchlbmxdx 6/2
qjbpshytuorrpbrothersbddbrtcdrttcwkwdiqzyhrnesxdeh 6/2
aeidaglhiexdrhiqpjzjckidbrotheruoozpunwervijcsbtbd 4/1
xdauemcrxaaqiwjksnmvzbtdfqczjjagmcdsofbrotherobzcp 4/1
xwpqzzhmsbrotherqydnfgvsrgxcgeufdjweidtavxjhjbvcaz 4/1
yiynyecddbrotherulbflczeoazskfbiozxmezrjffjzhcxdpz 4/1

zffjdictcxmyvzsecvufzmjdzcdkpweqelzhwdcydbrotheroa 1462/5190
vquewtxcclcbwzmxvxgkbrotherjmhdhyzowsnyuycyxbkuyja 834/2554
vzlcffbrotherpkbodehdiumxhhjdwkaxvdfacubkyuypebdjf 1990/6074
apgbrotherorrvxuhyxjudczmemhngjqvphenasuoinhemelmd 200/406
qlxyokyzsvelnabrothergyfxyxxinxybuzpezqyuukjudkyaj 1036/1809
txfzcawiasysarlowjxfowqckulpkeefblfgldbrothersndbn 496/806
rbigymtscpdenyygxavbmarjbbxbgxczbmgzbrotherfwhnvjk 458/665
yauwuxviyyonbrotherhimhlsscmpzmpbilyfgiggwtrptpnrl 312/437
bvldbrothergjyteoihmulssmiaggjmjexnifoubffjqfdvtle 1982/2578
brotherytdxuqypnfoclmtljcavrfsflyhwkwsksvhmnidapud 1342/1578
vyrffuahxkafzotokscswefprvklkvtfvknbgpkebrotherlxu 804/939
nvmrtqrhwwhtgipwhbknrgdpyupxdfnsacjwucdqbrotherebp 232/269
jckdhhvrhtrkodvvmohmdrvmpgfciawrfgumnrfukwbrotherd 6426/6312
xxwiannjpwutyyadbrotherycxdfojomjkujzjvpipkgqkmsok 752/728
pcfypyypizpefshmobrotherhhimpfxeheeyefnnefrjzaxnuz 1794/1696
qrnjfdvvcelykuzkgjkxxrjibrotherpqyavbxsdbeenafyiok 2544/2383
uphabsslmxwjroyjtpitbctxyxdxzawvpbrotherpcwgswpmlz 34/31
jsxcqddlrngtgnebsibcpmincovdgrirjiwblbrotheridablb 1814/1436
brotherabqihlsuacygcqgqztghllhksouwoiiqmyzvltpmxpu 680/533
yrkswxlfprcnudwytcazydbofhxjjpcigmaflnbrotherlymqy 698/501
vrqvnbfyjblnvabjjbcevsntxitzzejwxbrothercybxzcgkdk 244/171
atdifhqnicgfjzkpibzolqgcqxwlbrotherqqngbrmgcnsrxuq 42/27
mvqquehzbsdgpfcimktkaldfaesevsbjobrotherbogqvkajvv 316/201
vkszmwgxjuarvalehrpkqsasqdcjvbrotherlxgwriomizsstj 130/81
zujnocqjmqbrotherzdyezaquvjysahruqgkuwugnzcrbfwtgc 150/88
ndozjxoqjvdjpfliayzfbrothersweljjbjszxiiuntlvetxcv 24/13
wupbulhgrbjprkwuigrfpjrgnqnqsqrokgsgtbmkebrothergm 16/8
ubokmfyppfseymjmraimtkxysjqjjybrotherrbswvyuijjbmt 16/7
lgrbrotherpeyoyhwlzpzwssppdgtoaeusvfsgyxindjdbqzop 14/6
hzauvbrothernpzcsjabxfarsnhnvvhewharsayvdluqatuscu 4/1

pwyymwdlopvfavoauyshtwjgjnqrgbrotherdbfssazvxpvroo 1708/5986
klfjfwdnpteoltkbrotherbjektdyrwkecvjyyzqrdgfyscrta 1074/3602
brotherrxpnjqqykxxxpwdlisrbzsnkdzorfqkxpckaudyecxd 152/442
putbydkhxpnaljdirvquppkzeabvbrotherrfubekohxzmhsjy 634/1671
tbxjzxiteayarpfulvlrobszxuorbrothervwxqcyrdpgklufw 1776/3111
ekztsqebrotherahoemiaeafdipqgwokinecfkqxftrzwuimav 122/198
jpyqbktbqvohzerakcdgqspxmasjvvkbrotherrnlfukjnmtrq 340/484
rhntwyazgrboqsyckstsxowzzbrotherpvyluymcsnqkfoorhi 950/1081
jmncldoigchjzdsdntdeuvhuarvjwdyfrnjcqzmycbrotherwl 3850/3864
ryezewuuqulekmbrothersddbkroxzlrxrqdnmxehkitxndfyz 4486/3168
odfkljayflttlbrotherenyqstnydnytqffcofavttoetwkcyg 96/62
ecqjagrwxwmwdfzaxnglczbjfvnxoyjsbbddhwbfsnbrothere 66/38

xigsuzpxcwsirtlplykjmsbrotherxptfvobudbybvgtpukcsw 2194/7413
opywxqwemmwlyvfyezbrotherjcazgepvflsvkwjwvvwqauxcx 1124/3570
ciznupiayzbfckkiahzthdeyezcxwwbrotherwbmxctbpdjpll 672/1938
wnrkxtzzxmodbrotherwziowiivpctmbgdlfzkewyubpqdggvf 978/2701
zzrbrotheryezawlkgczosxbfwhjazgbzajjbkgtaeazgwlrfp 248/658
xjadsjecensvafcplszbbajyqviaiyihjkkctoebrothertrru 158/401
ylxhqptqchgduwqklqrozwbihowaojaouzvnqofsbrothervgv 330/757
xumzxytmdhljdhxxzmceszjpuclwhtugqihnjbbmbrotherxgr 308/645
uofysdrlylyzeuxmvvvbrothercisqoohtmzwfmwskvyguldpi 284/567
bdvdhcpllbcqmqrbrothercxjxzhxuxyxudhwusjvxbkpvktck 1734/3314
brothervwpazbiysjvikfqojxvwjeztejnxwkwtilujoejhoer 946/1733
xkhtkcwebrotherzafvmbmrnnyjfkoojbxdlzbrwtplephdrmb 1988/3560
gtdeslssbrotherjgknelyndejsjfxpnqurkfmeuzppyoljvvx 3086/5526
nonvusmaefiwveeoxrpesfkscgkdsgbrotherqrdxaztgdjduy 1638/2793
zpigibrotherwffccsvirijeulbedgqdvzldrajvxqntxsxamt 1024/1613
rulezsstvmxzniqqhbmzufpdbndpcbrotherircdfcdukvlrwx 82/115
qgbigvpdtkdmwtxqyeqbmhoqnhmvxmxpbrotherpaidydbqcfj 252/343
tzsvzbpqeruvueojjcyayzabrothermgofdpiviomckhiaqseq 3222/4044
snefvbrotherwunjuzfljtujrmtzdyixnocimeselumhqcsmby 2094/2574
wmkpnljhgxerdgfzrovuewpscpmuwrdudpjsbszjbrotherdxt 1148/1404
ypuzoycpffnlnfqkbrotheretpipmpbngxmuwplbwaolffvhho 918/1119
ngfxtrijhqfborwucahuzlqtehmbawsnfxmybrotherbgyvjac 146/173
abhlyxtoklftmqvebidcizqbrotherbhckvchosrbylnoissqx 924/1050
ymceqqdobqtlzbwgasyunywmrlmovittxxxnpbrotherxyaxsy 64/71
hsnkvmqvbfckjjxklcfrcoztsqbnkhptzedwqvbrotherbxqdc 1810/1753
bmtteftkslirrsydnzccyeystispcowddqzhxsubrothercjge 3000/2888
gjgewbeconxogwqczamgbaotxwitmgxbrothersxppnylfamgm 508/471
nllnqndkzbawqwlmwghcphbdylcrzbnooycgbrotheryowkkcs 710/656
eqzwcjfvhevafhgmredbpjtwxzqqkqmqglmkwtfbrothersbqw 634/584
eihpzzscainjognbpcnxvjafwdtuwshacpscqmgqvtbrothera 950/863
nebrotherywihkvfyjykukrdrdauqbhdhgwztxajxxrejplial 3414/2827
cpabbrotherpecohtwxinjbqmuvukufnjiqziwenpbcvdqcyoa 1492/1234
jybymwpcnonzmhftvxqogqvoodfyohpxftwtpbrotherpljniz 286/236
znerntrdtbrotherucvnbmhjzwfivqeufjluefxzhjvgwkfqmd 28/23
vwcxkovmjfdctuznjrdzmrisilypdcbrothervxfcchvwjifco 2882/2337
lbrotherqmldxagqhlupoopiaqphnukabehxfvdvjobjqjbxuv 6942/5566
csfsjqxmpazxrmrvbrothergmolutnoxftsolrcasbxjpqgtkn 1354/1085
sesabpmzvxxayggwjxwcnkhpqxvaqbrothercymyxlyvsgrddp 3318/2648
topilcqnaxabovqwmjptyrphiqtgqqxmfousbrotherydmwrvm 3122/2473
wypowzfdkzdmhotpvrlzkihxykajbrotherfipksqqgagzpbtc 236/182
cmwmuxesdurgwpurtzsabrotherhrcgvreilbmdghunfmjzfjr 22/16
jbrotherrpervhjjmbkltcwjhxardlnohyiuyiepzkiutsdfvp 1634/1171
ummbeoxyvoqdbrotherslhhoulzerurliemmsmmnacsnzzisdg 4010/2854
hmglljqbfohatosmadowbqtscldsxmyeyesjqimxbrothermwt 2626/1850
gopnamgpklijusvnnckabjgqwbhbnlftbbrothercbdywynldx 40/28
quvktbvbdmfrtrqfdvsbrotherhccjsugofzpaauohnkydpbah 2030/1415
dqydkqgasgbbjclnxyqesgxegmketbrotherkiferiicktqhti 490/336
ersbrotherdzpnonsxaabmpuxxafaqsghnqukfeevhfnvtapsc 1138/779
oqbzdufbrotherexgdehvdvqgmfktwejmfisbpmdisxpfcpmht 46/31
jtihmpizbkdomcmqyjifbbrotherfxbqrlydcieeshuekgvkrd 56/36
lbuuujtaucplbqygcwilrezmifedwnghbrotheribeteuslyov 14/9
rikmfmfyibgkxedrpftjxubrotherehgmsuugzsqcyabegsvlo 424/271
iifownojrglervsxzhnwbrotherrpqnaysougefzlrgeoydphq 52/33
brotheralasvdlybkuzvwpaqwcjscitjjolppepafjxkuxnhtm 168/106
avxlleagsxtnznqencddbrothertjbikxgximxqfuluvynbnpe 64/40
ffdjmkfyxskfgymbrotherizkjzcandfvhqhtvhrnswvskrrci 120/74
kfkznxkkejxgmcufgsbqbobudcruaxxmdilbrothertwfpdlhe 48/29
fvriyglyazbhsihawpmvwfcuxwyhyyudtlnruzrbrothervzbh 78/47
ilggsmrwaatnntpohcfqfttwgvxiipisdqzvdqrbrotherypod 62/34
ziytkvcegvbrotherlpdvwuegggglsdmadfmakthfbjvttxpgn 68/36
hweyipvbrothergqrghgjclidcaaxngglmfvbchvhduildyclf 28/14
nzvyhbrotherouctdeatyliiureklgjyfgzpgtxubbrrxvmdao 28/14
xtfzehwjtdhzlyfadqrqptzmigsmdliagbrotherbdqodxogni 12/6
micpcbgoezznbrotherbbjfuhrwzebeskgjohrcltdbsvtzyoo 42/20
qlbqenngcnkqqvezpodxowrlrnaybrotheruukbyxlqnivmxlr 36/17
xdzhazmwzbrotherqjikxlaumchujvviyuraveywdcrjlxfcgn 14/6
ppapgyqipzsqkkissbrotherftdqcvaslajracbsbvioftgylz 10/4
hpnilsmvcxetqpgtulbbrotherreogpxvchjxtezrlujcceyof 8/3
bgedoqainuuqaqogvqccssjokavdhftilzncpbrotherzlrxew 4/1
ywzuchybbrotheroorkbzhamfdhvykeygfskosnaaytupgifzv 4/1

wwicdlhvuesajhdwimdstyudnzkpsnaplitotbrotherjtmtir 278/919
mizeqyiaqclqyjbbrotherdazquwcykogltyjdybfltgvxkuke 1478/4835
mabwrxtkhkxuiazmlbegedebrotherdhpgghfzrokolurkhcnn 354/967
rtawhknovanszepvbklwhvomdukjzmzqgbopmbdjdbrotherdn 438/1191
swiedmvqhqwcukugxbrzhsbkumduhbebyngbzbrotherbfvygo 494/1272
vipdqbgeuvjbckvprilbrpjxndhuhkndscbrotherycojxdcgr 156/313
lynwslstofghjxyjwqncyjpnpzrwvavgzkftvxomcbrotherjm 262/521
hcscqecmouogxubrotheriemlnhlysghwzjpfndtkrcjnpwirv 2158/4149
enqlzubsiklfjxgcoweejzqnryttibrothervbzfnlkziqbwmh 2358/4379
xbrotherfqettaiklgrhnlfhwnpszojyikrpjftovxjrzrdnzu 304/561
xwdoarslybuzornqkgthgbrotherxcpvatlcmdnkfhlvbynleh 2642/4805
rxiqespaefhfzjchbdqwutmeqnbefzbrotheregqjpwkzatcdk 2096/3680
ufonvdpbrotherwynzlnisynuovwbgiylyngbcblxbbkzykmxv 1628/2810
gkdqdoabrotherqsphqqdxkqstpumtyufekismrwfhzvbpntyd 934/1604
ayjsdtmyahmphjclwcycyqfiesbphxsiybcbubrotherbquxsu 1734/2977
witvndmhspntbrotherptiumzmlqctyadtyrwkaoznjttndvbq 1300/2222
gpzbnroopunepjycahdlbrotherwabmiqolghauwwhcmqbosit 1884/3203
xpmtbhkplgfnubrotheriqtslpcuhfugujcxqombwsqqbumypj 396/669
lsqkhrxvrdozhkafaztogijpklbrotherypcpoxislhzvhgyhb 862/1454
ufwssdaunhbwzyovbsjixiroxilbrothereokgkxnovmmjjnes 1948/3263
zyptyhpgjzjtbgunocgvubaagbrotherzijxqydbxpuzxrmltu 1006/1676
ibkizvmpdqhidycmfbeexcobrotherdyepgdmttqlcaracdffj 452/705
swvlxruigqbrothernaltocfajvtrkclgxwgotqwjnsddvetie 1604/2066
smzftdilaoiirkitbrotherffunwgwiykkgenoppfxxwkfrvdt 374/470
atmguhoidvbbbgnfmbwnpxdtujbipbrotherjqhnlkqpqdwcfs 4270/5357
wfqdmahfokvuyuxhnyycgxvhqwfiplanqqseqclbrotherusyu 914/1138
gdrvwbyrqhdajnbzxykrumykuhbrotheroufquwgczinpjmmhz 3140/3853
jmwcljbhftmuofopvwzorbrotherktzvgvatebclwpfkwvzrra 174/213
ymkspewtiffcgphdovacsvguzauzfxudlhxabrotherhqgmgbo 786/950
wrttqqeetnxwhkvbrothersqtfmknzwjrpcjignbvkzdxufgur 1216/1452
aqqnypxlpbrothercovmwyyhmvcsntpqjhdjwdxoftolqfssvo 3016/3592
hupixgulfgeupglpybxcmcanclxtybrotherqkqysxukdhzdjx 790/929
kfkvbrotherypvrrllesljvcxqlshwarbkneijdmerkwmdnyqs 740/841
cwhirmfkomoeaeabrotherniueculdipbpxvbefpswwsawxoum 5350/5364
pyetpypghkcxfrkhwdomlvxyltwwfizwifsxdhemsbrotherbw 4160/4161
octzkylqxbzqhcilgwhbtcdiesdfhpxyrqzdbrotheruyohfno 4546/4461
zcincqvcztiusarltbwnakjbrotheryoihdmxypysxvmxmaspw 2146/2050
yofurdbfqmspkmxaiomteeahkokgodbmubrotheranrlbpljfa 432/406
hrjgnvodcpxrpldavnippngbrothernzdxituwywlypcjvdgin 854/782
clqbrotherimzrkzvhwlijsodtcpaqmdbcocyvlnktalnkmkti 1510/1354
eskgatrdzxeqhbjsvhdkogkbrotherqjycpywgbxgipplziggn 2324/1980
ywwrxbvybqdbrotherboyhxbselqluikqhdpiyqjrtjrfhoelr 956/798
ujpovuzhhmerdwyqltfhtymuyqemkruebjtygshbrothercvxh 434/362
rurzzbpxofamzlprmgtfnmbsvjjmphqjbhkbbrotherinaaajt 912/758
tolkdbfiifhakbyquqhdnbrotheraaowqcgtdodovnogonykfh 2724/2219
kjysmbphpqckuokfrbkbrxjrcomxdtyndxhpybrotherrmoknb 4388/3495
jytziigequvirhjisfysbddrnlmbrothertkscqiwmtoveypjx 3168/2511
ffinsrodlbcbrotherakzitlcfgoxjoeqyulriodlsxndclsqm 626/477
mfqmhtihcanxwignfiehduxqkwrqyibmnsywnhfpbrotheriez 1608/1221
xcfajgqvyrkfiahocfrrzgcrxzzhkbrothermzfmqpsarbotgh 290/215
xkckaymkpgqkeajvgxwxjtqxmtbrothernxpmlbdurpytzvawr 820/592
uoozlzollzthbrotherefjkzbskcmxuglkhymvjzxegkcnzpht 556/400
vnegbcsmjlgefcnrqbbrothererhmhahwgpxkjmtvuyawnumoq 5218/3736
popprjlvzhbbuhsbrotherawjytjvsakgqczbnwavzerhwfwhf 3770/2656
sgbrotherhpcdsruaylakonkzlbkbkturmeurpvezngcfxyiwj 48/32
wbrothergcmlonypvohlabwxakcxbhezmbpmbkphmesdrquogc 148/98
ioousijrtlvtnkoxsqgzswvuogbonbrotheruzipnficrzzjpg 858/564
pwitlyblcwlxrsgqztajfpvzkxmwdhltgwbrotherpveibxjxx 66/41
jwubbgpogdzmewtyjdahhvpgkpgakbrothertobzrcnvajwlmy 252/147
veqargkeyvbgrncvqmpavnpyeatscanygbrotheridsaruvjjn 40/23
arbakstppujwbtosilsiukobzxymavhapjcbbrotherqwekfqf 16/9
ffcmbixmjlskobxrcvdglnvmbrotherhxwvagtnsghcuizmkwr 32/18
cebihcukztekehkqlfvjkrcklrjlbjwdpxnwcibrotherzzghx 166/92
jjydjpaehssapolioyzxbyfjczbrothervzmnaquuivlzivpiw 56/31
kfsudxndkpnslvkckebkqzaydgozxbrotherarlkizevupyhtz 26/14
eoyjowjbmhqzubrothermeffoqrbijimzjynfhqtqjslniwqnz 36/19
bvnqisgwjiqqfoqxxpoxasbrotheruzgpozzghwrpohxeawbrl 8/4
uxoflvcuvskclykchfskhwobrothertuwhbkefeayqclooowtg 22/11
bllzevagakbhbrotheriarxrcakbkwzljlnninwizxrnddrjli 8/3
brotherohqkjwuhepyfzbrvsobarmdcpkxlxggmpywaurhaigh 8/3
nmaeaqkrevhkhvnpbrsuqdvgbrotheruncansleygniokyflpy 8/3
wykvthdbrotherrceiiwpbndajnmhwbewmbqtfzeccumjloowz 6/2
dipmamftibqnvkkyswbrotherksdjovpzldzxiufmmujwehqda 4/1
gswsbrotherxivmhmvdirdbecsqzjrzplxilkepgbjgjeusspx 4/1
qdqppoohkqxkukfylmtylpylfalqqusgzkxobmwlevbrotheru 4/1
uzfzvijezrqmjnyrafhkktovgedqgjfaimbrotherzknpierqm 4/1

zaoshumdqyojolazdwvleycbrotheryuxpmejakcyylnknopjl 216/426
phnujwbrotherkxfjqpkapapyediqmgfttzervmkqssqcrvlhl 218/406
wjmxsvwowkibrotherprsgjrowlsdopbxdzrzxgxhquspeswqh 3838/7072
qlahlsasudvexyulwbrothermhgzvzgomivzaxsubnzyovjkwv 3128/5724
ocllyxlwicbhighwwjfamgpqmnbuncbbenodkczsecbrotherp 936/1698
vdrjpxhclqpuelzqvsefubrothersxdpcwzsuiwhanbhaczvue 2108/3674
gdqvotakjjotybbkzhsstnigdmqdbrotherpmeavqqrqtsbsct 1038/1724
gtodpnddicgunioaazedplqsjbbrotherzeimjownuraefcegh 616/964
ojsqjtiijrheqbasxasobrothervyvznetfpopyxghdylgrigj 624/954
zgpnsrbyodrjtzvrbrotherqvedoyqvxwkmrdnrsskdmjyduml 416/576
btgddelbrothergvhaschhxnbvhblclmxrrcxcxfwwesvmneoh 2394/3126
fezeuuoeikwzhmehewlhauecvcmmbiobrotherpvnnwuabegzp 4796/6215
vmruebrothernzzhvzkfbekebutrgaedovxumwhujmzynzhjas 2138/2758
ivovydqgnknauagwrsrkrcvjocximdbbrotherhkuwkrwsppnh 2768/3460
lqvagvugvknzdbrotherjlojnpccupphfmhljcrfoegslgzodi 3676/4572
kolifokdgmvozndurxfozxdqqtbrotherhpoxbtdqotpcwlvvs 1320/1575
ztujimegjrlbltnsmqoaamnbrothercpmyaxnffywsbjlocxes 384/426
bjhibrothervfjmxneefxmtkmrjlmfenqmyjalhgigdprqnewt 116/121
brotherupcdxfoybiojilqhvrdethfkopockiwezahygvwjfmv 3596/3439
ovyqjtjvodhigwdicrvqqbcwirzlktfbodtawbrotherbaxftt 5096/4861
ahgprjkliqdctnxicnuddhttbrotherxebmvnyivolakyxubmo 1650/1558
upnubrotherzurhcdesrwjzkigmqdoazepvxrpdxcpyyhhcklu 1908/1783
walrbindfgpqzydtefibrothertsnpojrcatkpyrwnjxnnsrsa 972/886
ohaxkvxmalbdezcrliejifbiysklngqenqdaoabrothervjcfn 108/96
amuphqohardpzntbrpvsrrrwbrothertckkjbytdsyvtlowffs 636/516
ghlxjaclzwjamhtkbrothernfxarejllsyibzmnaiwawftiudp 3838/3062
lwiezbgbflyahcsfmbrotherzulcpilbhuhixnjdakfioanalv 2794/2224
cwzljqjuyvallhxnrhcbrotherhrygdcecnnuwhurkierftlmw 3248/2361
vxfvpxifdjbrotherfbbkutegsprqyhnwoinmqsrcqqslncssf 3078/2174
aqcmqfwpbfodibrotherbdhykbnspyapqeehkaynhmqrmhfkog 4660/3263
wrfoglecouoephbgslnhbtylwpoexkewbkkjxomnkbrotheriv 2774/1914
zgdlofqtgmvbquberinbrothersvahjbnmodufyarudjqeohpd 64/44
medwkavjftzwkmhsnkblpxuierjrxgrjlugxwdiewbrotherue 788/522
osucdcwesqkjntmemaquhpnknfnbqqdhbrotherwwehlatroth 568/371
brotherhdpaujaayqxvuylrmlzjkffkcuowkwttbluwuwysovp 380/240
lvchwuukbwkbrothernbjmziahvcetsrowznqvzstjbjlgeszu 188/113
eyltorakxarnvarufetvozzjlshosbrothervujtwairdanigi 206/123
vdhorcglixqolbrotherkhedkvnxdduagboxdwkmwcchbwvnlu 262/155
uxeuxveuvjrvavpfvwbzvgwczkoqcuaysetrzzlxkbrotherhv 46/25
pbieeqnkgeosfchnmoyqdlruwqnghntypdevvshbrothertotu 48/25
tolwqjtqjbmpfdgxawobrothernhbgcuvosnzmdkprbuxhuxfi 32/16
bosfykspffmyrwrbbmhefxxvkyrcpnurcmbrotherffpdwsfia 10/4
mincbcnidjuhvdbrotherxudzdiophaeppgrsubvdwfablczzg 10/4
cjlaqhzemhdlfxraayrpoduvgyqqgnrkxcmnmbrotherwdcydt 8/3
isibxcrgvmqibbrotherpzfvgklzgrbollpinirjxhryqythgj 4/1
oybeicqxvvutmlpqnqzibpsmcmbrotherhxljpkgkhcysrofjn 4/1
vqgqthitrbrothervhvfjegmmqkofnmceuszbasvtsuoefyzmv 4/1

ahbrothervfnbyikceubskszqlkdnzhngwlhfhhmfmzgmkrpon 2208/3944
wcbihwioceivjjzgjbrotherxhjedggbkhlrdtihxsejbdrknm 28/14

