babab
oluqsqulo
sus
isgtgtgtgtgsikisgtgtgtgtgsi
hsenesh
djd
cec
qjxoujsrxcihnengwhwgnenhicxrsjuoxjq
nlsqrkpdqjododpenjwtxopdkfrfnfrfkdpoxtwjnepdodojqdpkrqsln
qoukrcpdxvxdpcrkuoq
hldgfhfidfeoakhwivdhfgflchchclfhfkbxgtktktgxbkfhflchchclfgfhdviwhkaoefdifhfgdlh
hxsthqlqfuamaufqlqhtsxh
acavuwprabahevmxgojlcynydwnseiesnwdynycljogxmvehabarpwuvaca
pysvosovsyp
jkcoftdedndedtfockj
gwbdavixnxqwbsqvqsbwqxnxivadbwg
sulrbigplqevrxrucpmplustevryqyrvetsulpmpcurxrveqlpgibrlus
sbhaqpvqwbihqmxivdusxhwgpepjkjocyhiduqvoxesbwikjpfxsyxyotltamcedpcoitdmaxjokwaibcbqdhdreuikixcrnpjvptenctqwgmkxjnlwnxaeahgropjyevswstrwrtnqjmcqiytuewivkpjwpvfkgvjtsupuqusydtdfdfdyfpghaxfolvryjvsyavkxqrlthpmoiseojpdecmgpbqmtafbfatmqbpgmcedpjoesiomphtlrqxkvaysvjyrvlofxahgpfydfdfdtdysuqupustjvgkfvpwjpkviweutyiqcmjqntrwrtswsveyjporghaeaxnwlnjxkmgwqtcnetpvjpnrcxikiuerdhdqbcbiawkojxamdtiocpdecmatltoyxysxfpjkiwbsexovqudihycojkjpepgwhxsudvixmqhibwqvpqahbs
srywxovcuaroregdxctnritlyqumoeyfodheuhrksoyvwaecwbfdfeidfbwsuryghbrfljufrbvbcatrtmsqsafaxksmnbfbwfrehgrcnkwrsrulustrxquiyqsrynrnpmqnxnuhkcibnmnhxryvyxywyqslpcfanbhctmuqrftrtilabapdlhmdwtvfolmiqnxrucrqrcurxnqimlofvtwdmhldpabalitrtfrqumtchbnafcplsqywyxyvyrxhnmnbickhunxnqmpnrnyrsqyiuqxrtsulursrwkncrgherfwbfbnmskxafasqsmtrtacbvbrfujlfrbhgyruswbfdiefdfbwceawvyoskrhuehdofyeomuqyltirntcxdgeroraucvoxwyrs
fehfjcfauklaonoalkuafcjfhef
hyjysxvwrykvpqenmyagemhifregfndvtxjlafctinjpisgwtywxbnkrhigpefdjguhrdojtagcieiaqmylvdrbvhvirpugkhlimambvgxfobjegeoekbkiqpsnpbxtysyjoktdsivdpeumpgucyaqfhejgnguavepmrhoflacadadatpvnxfiahgjaoekagbkdtdvgjikiofjblbrfojxajbuehdwqtsulpdxesexdplustqwdheubjaxjofrblbjfoikijgvdtdkbgakeoajghaifxnvptadadacalfohrmpevaugngjehfqaycugpmuepdvisdtkojysytxbpnspqikbkeoegejbofxgvbmamilhkguprivhvbrdvlymqaieicgatjodrhugjdfepgihrknbxwytwgsipjnitcfaljxtvdnfgerfihmegaymneqpvkyrwvxsyjyh
eqetgwqyarejcwaohnghghgulwuyoutvagegeichehflhvsugroyoubdatmvotowsvelhxgpfwahbvkxgogsnqpvltqrhkdhetnohwjplvsxtxpvpqirmwtwrytwbhcrjxipasjrnxuxotgmcrixgwcdauadcwgxircmgtoxuxnrjsapixjrchbwtyrwtwmriqpvpxtxsvlpjwhontehdkhrqtlvpqnsgogxkvbhawfpgxhlevswotovmtadbuoyorgusvhlfhehciegegavtuoyuwlughghgnhoawcjerayqwgteqe
jpnqikeigicyajinflfybmhqhkawcvfpahdsqvtudsqvuvdgbhbicibhbgdvuvqsdutvqsdhapfvcwakhqhmbyflfnijaycigiekiqnpj
ufyqrbrjpfnfpadbwtwglkmgwtyexotpudwsyxyjulnjlirirficrowqxsxnvrvmtmyuypsloipmxhvrwuxowrvpxjokyaicfasdebdclemiyjqbytyuyesfjbkgniynyaojweskxptptqtqsnpktafeyuyjoerqsrvtyerpsbkhqlpjxkslrmwivdxsxdviwmrlskxjplqhkbspreytvrsqreojyuyefatkpnsqtqtptpxksewjoaynyingkbjfseyuytybqjyimelcdbedsafciaykojxpvrwoxuwrvhxmpiolspyuymtmvrvnxsxqworcifririljnlujyxyswduptoxeytwgmklgwtwbdapfnfpjrbrqyfu
pkpbsioguovtxtyjnipabagembfcfbkeqfhevorpqdqeigwetlwrtjsmwjkethqpubmaxamhljyejbkfsbxalemaucgbsjrmqksprgjdmlmeyiqdgfvkqgtemkyjkgmfpdocokxgpjwoxmsasgvfymwewioaydgcqmrengrhyvysvbfexqvdebecsgyfgdidgfygscebedvqxefbvsyvyhrgnermqcgdyaoiwewmyfvgsasmxowjpgxkocodpfmgkjykmetgqkvfgdqiyemlmdjgrpskqmrjsbgcuamelaxbsfkbjeyjlhmaxambupqhtekjwmsjtrwltewgieqdqprovehfqekbfcfbmegabapinjytxtvougoisbpkp
gmbuaedsqvprpyfkhynsmugxlvnwiscigkesoyhukpdlbfdhcjgwlyclcydqdocvaliwuyxytyxyuwilavcodqdyclcylwgjchdfbldpkuhyosekgicsiwnvlxgumsnyhkfyprpvqsdeaubmg
fianbrejendgdpgkameicofomqcmhjbhcmeigybsbxenegauckilfxmxwyhnarmupslxcwvxevsvswjwdfeocrqyrurvntnskqnplxqrqwlqiywystfkeviradabaicgfjfvatahafbkalimitemaeapdrqrcmakeyntgtbeacaebtgtnyekamcrqrdpaeametimilakbfahatavfjfgciabadarivekftsywyiqlwqrqxlpnqksntnvruryqrcoefdwjwsvsvexvwcxlspumranhywxmxflikcuagenexbsbygiemchbjhmcqmofociemakgpdgdnejerbnaif
ghefeqagaedebtnsboholtklavkutvormwoqapgkblkvuxfuowsxkuqsdlahegcucqhkaoiqlwuwjxbnhmegdsgqasayghacafbqkuqybpmrjxnykmakinfrbyfqghdjfoijiqnyvwsvtunsosmwlocspyrsrtqynofvincmiqglcjftsxhjdlehbgasrtoxjtcedxewvwlmbtrxlwivaqfihnmuqutufifutuqumnhifqaviwlxrtbmlwvwexdectjxotrsagbheldjhxstfjclgqimcnivfonyqtrsrypscolwmsosnutvswvynqijiofjdhgqfybrfnikamkynxjrmpbyqukqbfacahgyasaqgsdgemhnbxjwuwlqioakhqcucgehaldsqukxswoufxuvklbkgpaqowmrovtukvalktlohobsntbedeagaqefehg
mwvydxlvgljncgbnchcdagcocfcvqumwuvcwmtjlilefdynyejghgxcgdjhtowvyetirbsgulxjxwyawknerqyhtfsjkgvlpcnayrvdtsvuxkrelcdbtbljvtusxsxfhclbomwgomvmvdvcjawijiymxficlbwcpgthkjpgwqwixpsanmyevhplpkmfrltadaybjgljohmlnhjfqjxpwmudusxuvmwvwvwvxoulwfniutxlngngigkjndvkmghemlojsbnbramhiegcmftoqoweurvisqrbxtxavtwexstefcdcthwajdjahegehajdjawhtcdcfetsxewtvaxtxbrqsivruewoqotfmcgeihmarbnbsjolmehgmkvdnjkgigngnlxtuinfwluoxvwvwvwmvuxsudumwpxjqfjhnlmhojlgjbyadatlrfmkplphveymnaspxiwqwgpjkhtgpcwblcifxmyijiwajcvdvmvmogwmoblchfxsxsutvjlbtbdclerkxuvstdvryancplvgkjsfthyqrenkwaywxjxlugsbriteyvwothjdgcxghgjeynydfeliljtmwcvuwmuqvcfcocgadchcnbgcnjlgvlxdyvwm
mpdoftnpetrxjwquqrhpltfwayhtosbsahcojkbugralgompkuovqwflhtnwdsqwjxvxmupwuvhlhlctcdbmfsgtnvbobqfseqjuehbxlnisgieqmpdteqdicsclfkbnltpsqshqovqyqshtirfokrcvtxchcnhljqosntsydjcnaibnhmgihqktepmniskodieqkoltqxiqengmgplyfiembgahdjdlaxafchbolxvynujpbdcvnodtbtgrqyxydkfufldudusxijblgsqvgskysxemegcrptjlgjembnjlasilcpmqoxsyaeaifqpypvmxmtaqnxnpiypuqxlnamdhewprpurusywxuvdmhsmoiriomshmdvuxwysuruprpwehdmanlxqupyipnxnqatmxmvpypqfiaeaysxoqmpclisaljnbmejgljtprcgemexsyksgvqsglbjixsududlfufkdyxyqrgtbtdonvcdbpjunyvxlobhcfaxaldjdhagbmeifylpgmgneqixqtlokqeidoksinmpetkqhigmhnbiancjdystnsoqjlhnchcxtvcrkofrithsqyqvoqhsqsptlnbkflcscidqetdpmqeigsinlxbheujqesfqbobvntgsfmbdctclhlhvuwpumxvxjwqsdwnthlfwqvoukpmoglargubkjochasbsothyawftlphrquqwjxrtepntfodpm
jeonyxyiqmuctekermudhelaobnambgabahavsumxrvchasclgykulupwtyquloadbojrkpmuchchexbcanhnhtqxswknfugsjpmqiulwdwhocoijfyptiueuflemjxirfujsewiubngwpymuagculwnqiwknfskwdpktetqvkunqfubqoxdpanbkjpbxtxuwjqeslohidkitacagclfvtuhjftswgonsgwbofleokvrsbmjskvbfcdbwpuqyvxwxeqdodhdkcphogogwuychayahcyuwgogohpckdhdodqexwxvyqupwbdcfbvksjmbsrvkoelfobwgsnogwstfjhutvflcgacatikdiholseqjwuxtxbpjkbnapdxoqbufqnukvqtetkpdwksfnkwiqnwlucgaumypwgnbuiwesjufrixjmelfueuitpyfjiocohwdwluiqmpjsgufnkwsxqthnhnacbxehchcumpkrjobdaoluqytwpulukyglcsahcvrxmusvahabagbmanboalehdumreketcumqiyxynoej
njxcogpdfaidqlsgxnqeuoxnomvhrefcsmshleritlxgwiyqragdthrhphtqxiognlupxmpdlevhkgthrnsgwrvmudjgtimepdxsvrwjkdtoqosrxhriucjhxawabawmtdgfpmwdlgytwgtmoeuqsmnblehcrkradavgiduglhwhxwyoxmrhnlwchcomodljxlymufjeofygocmkrgtsvjwcniocdckhrptrvpqlsetabafarntmwtvnsqxhsoyhykobwflcyjuptjnjxvxdxdlawcpbfbcbfbpcwaldxdxvxjnjtpujyclfwbokyhyoshxqsnvtwmtnrafabateslqpvrtprhkcdcoincwjvstgrkmcogyfoejfumylxjldomochcwlnhrmxoywxhwhlgudigvadarkrchelbnmsqueomtgwtygldwmpfgdtmwabawaxhjcuirhxrsoqotdkjwrvsxdpemitgjdumvrwgsnrhtgkhveldpmxpulngoixqthphrhtdgarqyiwgxltirelhsmscferhvmonxoueqnxgslqdiafdpgocxjn
pfhcdckckgwikdxnojtgngpbeaeduhiclatejdwsxwykwloikdsmpdsksqynqkngpehdvlspyvyjlgwcuajehfwmuatfjargkfuankvkompcwfhfibnisruatlmgpaxfocjakftdvdfbrpvgurtnwtwrwijdocqpwrvhydujliymspwawopcofwfgejivloikirfoluiwtwiulofrikiolvijegfwfocpowawpsmyiljudyhvrwpqcodjiwrwtwntrugvprbfdvdtfkajcofxapgmltaursinbifhfwcpmokvknaufkgrajftaumwfhejaucwgljyvypslvdhepgnkqnyqsksdpmsdkiolwkywxswdjetalcihudeaebpgngtjonxdkiwgkckcdchfp
cvkucfbqduhkbdaxtwmujtpqchfmipfqblkxlxbnayirpsowgusyceamlvsxdvjxnqeoftgyrthqlnhwfyctruruiylybywykuhvktkqbheqklbvsudnhpmroxkutxaobtdskremctmwhngxotikjvcebnegepenmxjnhvfvsynpguiofhgwdlaheuemiwjvepgjfsdpnuosjyxyvyfubpnypseqbshvjomvoqesjsrxvwnvefdwoyhvmqcxwyfrmtegcvjspyhobgcspurtadalfwjycwimcujtotjpkrmusvfmcqmrhudnjtsxvwjwoqauavbmdsoufpekadbkitnqfyhnhiafdygqmspqanmtjxiokwuyowambqnvjlfvsucusvfljvnqbmawoyuwkoixjtmnaqpsmqgydfaihnhyfqntikbdakepfuosdmbvauaqowjwvxstjnduhrmqcmfvsumrkpjtotjucmiwcyjwfladatrupscgbohypsjvcgetmrfywxcqmvhyowdfevnwvxrsjseqovmojvhsbqespynpbufyvyxyjsounpdsfjgpevjwimeuehaldwghfoiugpnysvfvhnjxmnepegenbecvjkitoxgnhwmtcmerksdtboaxtukxormphndusvblkqehbqktkvhukywybylyiururtcyfwhnlqhtrygtfoeqnxjvdxsvlmaecysugwospriyanbxlxklbqfpimfhcqptjumwtxadbkhudqbfcukvc
gygjhpbfcfcrornucmkrewtxuwtyouenjvgkjrlskvhjhnenlsmsnuturxjysugrkybgdvrwdulvafbrbpmpjylsnvmvptgubxrufoaymqbnfvbfclfyrywxryevfjeubibvgvpxuwrxorilhpfgbnmnehasdunuqyipnxwxmnmnklgrmwoxmxtupvuviyxykuhpmofnbwpyotrtpvoqkugsgkjtaiababataifhdhbwpxeqkygscwsudukncmlumwrxwxwxwxrwmulmcnkuduswcsgykqexpwbhdhfiatababaiatjkgsgukqovptrtoypwbnfomphukyxyivuvputxmxowmrglknmnmxwxnpiyqunudsahenmnbgfphliroxrwuxpvgvbibuejfveyrxwyryflcfbvfnbqmyaofurxbugtpvmvnslyjpmpbrbfavludwrvdgbykrgusyjxrutunsmslnenhjhvkslrjkgvjneuoytwuxtwerkmcunrorcfcfbphjgyg
pjpdudwkurubicjiujmkpcrekfrknkykyckhwqtoslsotqtftdvdonufmalfgclhvgwcfavhmcmixflkwpysxepjwceahdvnwrwaujnetotfkjvputvmwgtipijefbqdfcfdrbneldpbgfibeblboeupspqhwpxhihxeihmfxepepgiadcuoxkqhunqghfnixejakgkcsovjlcpetitfystjriutxloeganbudsdxasounvkrbigkdqaymwgjetkskrmxhuamlxoqfmlrkucxcukrlmfqoxlmauhxmrksktejgwmyaqdkgibrkvnuosaxdsdubnageolxtuirjtsyftitepcljvosckgkajexinfhgqnuhqkxoucdaigpepexfmhiexhihxpwhqpspueoblbebifgbpdlenbrdfcfdqbfejipitgwmvtupvjkftotenjuawrwnvdhaecwjpexsypwklfximcmhvafcwgvhlcgflamfunodvdtftqtoslsotqwhkcykyknkrfkercpkmjuijciburukwdudpjp
qrbhajbmholtdjdnbrnsqxouftoqclgrlqesjutyrtrvnpbharnomncsapcmhnmwuwhmbheteudqaognclbsiolsnrpucfapjkjxjlhobcaybhevqrmodynxvwrwgndkhuhndrnykuoqiscnjsrxnwasqsmqgwlsjpisgnhpjkajixmoindldlfidkjnirikefesadbldpkqmpnrdfasqschfugodvnysyvxpyvxkxoxaedvaokwuwtxtwavixopehdwemilagdvgjgialjusyasoqjkaojurxrugshtkwsujtkrklbgbydoitkwrwbihustencdaveqcvdyjqhjexlzlxejhqjydvcqevadcnetsuhibwrwktiodybgblkrktjuswkthsgurxrujoakjqosaysujlaigjgvdgalimewdhepoxivawtxtwuwkoavdeaxoxkxvypxvysynvdogufhcsqsafdrnpmqkpdlbdasefekirinjkdifldldniomxijakjphngsipjslwgqmsqsawnxrsjncsiqoukynrdnhuhkdngwrwvxnydomrqvehbyacbohljxjkjpafcuprnsloisblcngoaqduetehbmhwuwmnhmcpascnmonrahbpnvrtrytujseqlrglcqotfuoxqsnrbndjdtlohmbjahbrq
a
abababababababababababababababababababababababababababababababababababababababababababababababababababababababababababababababababababababababababababababababababababababababababababababababababababababababababababababababababababababababababababababababababababababababababababababababababababababababababababababababababababababababababababababababababababababababababababababababababababababababababababababababababababababababababababababababababababababababababababababababababababababababababababababababababababababababababababababababababababababababababababababababababababababababababababababababababababababababababababababababababababababababababababababababababababababababababababababababababababababababababababababababababababababababababababababababababababababababababababababababababababababababababababababababababababababababababababababababababababababababababababababababababababababababababababababababababababababababababababababababababababababababababababababababababababa
a
